<?xml version="1.0" encoding="UTF-8"?>
<testng-results ignored="0" total="19" passed="19" failed="0" skipped="0">
  <reporter-output>
  </reporter-output>
  <suite started-at="2026-06-10T10:22:12 IST" name="GUI Automation Suite" finished-at="2026-06-10T10:24:45 IST" duration-ms="152874">
    <groups>
    </groups>
    <test started-at="2026-06-10T10:22:12 IST" name="Form Tests" finished-at="2026-06-10T10:23:24 IST" duration-ms="72119">
      <class name="testcases.FormTest">
        <test-method is-config="true" signature="setup()[pri:0, instance:testcases.FormTest@1d296da]" started-at="2026-06-10T10:22:13 IST" name="setup" finished-at="2026-06-10T10:22:30 IST" duration-ms="17470" status="PASS">
          <reporter-output>
          </reporter-output>
        </test-method> <!-- setup -->
        <test-method signature="verifyTextFields()[pri:1, instance:testcases.FormTest@1d296da]" started-at="2026-06-10T10:22:30 IST" name="verifyTextFields" finished-at="2026-06-10T10:22:31 IST" duration-ms="433" status="PASS">
          <reporter-output>
          </reporter-output>
        </test-method> <!-- verifyTextFields -->
        <test-method is-config="true" signature="tearDown()[pri:0, instance:testcases.FormTest@1d296da]" started-at="2026-06-10T10:22:31 IST" name="tearDown" finished-at="2026-06-10T10:22:31 IST" duration-ms="301" status="PASS">
          <reporter-output>
          </reporter-output>
        </test-method> <!-- tearDown -->
        <test-method is-config="true" signature="setup()[pri:0, instance:testcases.FormTest@1d296da]" started-at="2026-06-10T10:22:31 IST" name="setup" finished-at="2026-06-10T10:22:38 IST" duration-ms="6751" status="PASS">
          <reporter-output>
          </reporter-output>
        </test-method> <!-- setup -->
        <test-method signature="verifyGenderSelection()[pri:2, instance:testcases.FormTest@1d296da]" started-at="2026-06-10T10:22:38 IST" name="verifyGenderSelection" finished-at="2026-06-10T10:22:38 IST" duration-ms="125" status="PASS">
          <reporter-output>
          </reporter-output>
        </test-method> <!-- verifyGenderSelection -->
        <test-method is-config="true" signature="tearDown()[pri:0, instance:testcases.FormTest@1d296da]" started-at="2026-06-10T10:22:38 IST" name="tearDown" finished-at="2026-06-10T10:22:38 IST" duration-ms="254" status="PASS">
          <reporter-output>
          </reporter-output>
        </test-method> <!-- tearDown -->
        <test-method is-config="true" signature="setup()[pri:0, instance:testcases.FormTest@1d296da]" started-at="2026-06-10T10:22:38 IST" name="setup" finished-at="2026-06-10T10:22:43 IST" duration-ms="4738" status="PASS">
          <reporter-output>
          </reporter-output>
        </test-method> <!-- setup -->
        <test-method signature="verifyDaysSelection()[pri:3, instance:testcases.FormTest@1d296da]" started-at="2026-06-10T10:22:43 IST" name="verifyDaysSelection" finished-at="2026-06-10T10:22:43 IST" duration-ms="627" status="PASS">
          <reporter-output>
          </reporter-output>
        </test-method> <!-- verifyDaysSelection -->
        <test-method is-config="true" signature="tearDown()[pri:0, instance:testcases.FormTest@1d296da]" started-at="2026-06-10T10:22:44 IST" name="tearDown" finished-at="2026-06-10T10:22:44 IST" duration-ms="226" status="PASS">
          <reporter-output>
          </reporter-output>
        </test-method> <!-- tearDown -->
        <test-method is-config="true" signature="setup()[pri:0, instance:testcases.FormTest@1d296da]" started-at="2026-06-10T10:22:44 IST" name="setup" finished-at="2026-06-10T10:22:49 IST" duration-ms="5712" status="PASS">
          <reporter-output>
          </reporter-output>
        </test-method> <!-- setup -->
        <test-method signature="verifyCountryDropdown()[pri:4, instance:testcases.FormTest@1d296da]" started-at="2026-06-10T10:22:49 IST" name="verifyCountryDropdown" finished-at="2026-06-10T10:22:50 IST" duration-ms="151" status="PASS">
          <reporter-output>
          </reporter-output>
        </test-method> <!-- verifyCountryDropdown -->
        <test-method is-config="true" signature="tearDown()[pri:0, instance:testcases.FormTest@1d296da]" started-at="2026-06-10T10:22:50 IST" name="tearDown" finished-at="2026-06-10T10:22:50 IST" duration-ms="316" status="PASS">
          <reporter-output>
          </reporter-output>
        </test-method> <!-- tearDown -->
        <test-method is-config="true" signature="setup()[pri:0, instance:testcases.FormTest@1d296da]" started-at="2026-06-10T10:22:50 IST" name="setup" finished-at="2026-06-10T10:22:58 IST" duration-ms="8228" status="PASS">
          <reporter-output>
          </reporter-output>
        </test-method> <!-- setup -->
        <test-method signature="verifyColorsDropdown()[pri:5, instance:testcases.FormTest@1d296da]" started-at="2026-06-10T10:22:58 IST" name="verifyColorsDropdown" finished-at="2026-06-10T10:22:58 IST" duration-ms="165" status="PASS">
          <reporter-output>
          </reporter-output>
        </test-method> <!-- verifyColorsDropdown -->
        <test-method is-config="true" signature="tearDown()[pri:0, instance:testcases.FormTest@1d296da]" started-at="2026-06-10T10:22:58 IST" name="tearDown" finished-at="2026-06-10T10:22:59 IST" duration-ms="219" status="PASS">
          <reporter-output>
          </reporter-output>
        </test-method> <!-- tearDown -->
        <test-method is-config="true" signature="setup()[pri:0, instance:testcases.FormTest@1d296da]" started-at="2026-06-10T10:22:59 IST" name="setup" finished-at="2026-06-10T10:23:05 IST" duration-ms="5993" status="PASS">
          <reporter-output>
          </reporter-output>
        </test-method> <!-- setup -->
        <test-method signature="verifySortedListDropdown()[pri:6, instance:testcases.FormTest@1d296da]" started-at="2026-06-10T10:23:05 IST" name="verifySortedListDropdown" finished-at="2026-06-10T10:23:05 IST" duration-ms="104" status="PASS">
          <reporter-output>
          </reporter-output>
        </test-method> <!-- verifySortedListDropdown -->
        <test-method is-config="true" signature="tearDown()[pri:0, instance:testcases.FormTest@1d296da]" started-at="2026-06-10T10:23:05 IST" name="tearDown" finished-at="2026-06-10T10:23:05 IST" duration-ms="218" status="PASS">
          <reporter-output>
          </reporter-output>
        </test-method> <!-- tearDown -->
        <test-method is-config="true" signature="setup()[pri:0, instance:testcases.FormTest@1d296da]" started-at="2026-06-10T10:23:05 IST" name="setup" finished-at="2026-06-10T10:23:10 IST" duration-ms="4712" status="PASS">
          <reporter-output>
          </reporter-output>
        </test-method> <!-- setup -->
        <test-method signature="verifyDatePicker1()[pri:7, instance:testcases.FormTest@1d296da]" started-at="2026-06-10T10:23:10 IST" name="verifyDatePicker1" finished-at="2026-06-10T10:23:10 IST" duration-ms="100" status="PASS">
          <reporter-output>
          </reporter-output>
        </test-method> <!-- verifyDatePicker1 -->
        <test-method is-config="true" signature="tearDown()[pri:0, instance:testcases.FormTest@1d296da]" started-at="2026-06-10T10:23:10 IST" name="tearDown" finished-at="2026-06-10T10:23:10 IST" duration-ms="266" status="PASS">
          <reporter-output>
          </reporter-output>
        </test-method> <!-- tearDown -->
        <test-method is-config="true" signature="setup()[pri:0, instance:testcases.FormTest@1d296da]" started-at="2026-06-10T10:23:10 IST" name="setup" finished-at="2026-06-10T10:23:16 IST" duration-ms="5998" status="PASS">
          <reporter-output>
          </reporter-output>
        </test-method> <!-- setup -->
        <test-method signature="verifyDatePicker2()[pri:8, instance:testcases.FormTest@1d296da]" started-at="2026-06-10T10:23:16 IST" name="verifyDatePicker2" finished-at="2026-06-10T10:23:16 IST" duration-ms="112" status="PASS">
          <reporter-output>
          </reporter-output>
        </test-method> <!-- verifyDatePicker2 -->
        <test-method is-config="true" signature="tearDown()[pri:0, instance:testcases.FormTest@1d296da]" started-at="2026-06-10T10:23:16 IST" name="tearDown" finished-at="2026-06-10T10:23:16 IST" duration-ms="223" status="PASS">
          <reporter-output>
          </reporter-output>
        </test-method> <!-- tearDown -->
        <test-method is-config="true" signature="setup()[pri:0, instance:testcases.FormTest@1d296da]" started-at="2026-06-10T10:23:16 IST" name="setup" finished-at="2026-06-10T10:23:21 IST" duration-ms="5185" status="PASS">
          <reporter-output>
          </reporter-output>
        </test-method> <!-- setup -->
        <test-method signature="verifyCompleteForm()[pri:9, instance:testcases.FormTest@1d296da]" started-at="2026-06-10T10:23:21 IST" name="verifyCompleteForm" finished-at="2026-06-10T10:23:24 IST" duration-ms="2528" status="PASS">
          <reporter-output>
          </reporter-output>
        </test-method> <!-- verifyCompleteForm -->
        <test-method is-config="true" signature="tearDown()[pri:0, instance:testcases.FormTest@1d296da]" started-at="2026-06-10T10:23:24 IST" name="tearDown" finished-at="2026-06-10T10:23:24 IST" duration-ms="413" status="PASS">
          <reporter-output>
          </reporter-output>
        </test-method> <!-- tearDown -->
      </class> <!-- testcases.FormTest -->
    </test> <!-- Form Tests -->
    <test started-at="2026-06-10T10:23:25 IST" name="Alert Tests" finished-at="2026-06-10T10:23:43 IST" duration-ms="18058">
      <class name="testcases.AlertTest">
        <test-method is-config="true" signature="setup()[pri:0, instance:testcases.AlertTest@bccb269]" started-at="2026-06-10T10:23:25 IST" name="setup" finished-at="2026-06-10T10:23:31 IST" duration-ms="6012" status="PASS">
          <reporter-output>
          </reporter-output>
        </test-method> <!-- setup -->
        <test-method signature="verifySimpleAlert()[pri:1, instance:testcases.AlertTest@bccb269]" started-at="2026-06-10T10:23:31 IST" name="verifySimpleAlert" finished-at="2026-06-10T10:23:31 IST" duration-ms="193" status="PASS">
          <reporter-output>
          </reporter-output>
        </test-method> <!-- verifySimpleAlert -->
        <test-method is-config="true" signature="tearDown()[pri:0, instance:testcases.AlertTest@bccb269]" started-at="2026-06-10T10:23:31 IST" name="tearDown" finished-at="2026-06-10T10:23:31 IST" duration-ms="274" status="PASS">
          <reporter-output>
          </reporter-output>
        </test-method> <!-- tearDown -->
        <test-method is-config="true" signature="setup()[pri:0, instance:testcases.AlertTest@bccb269]" started-at="2026-06-10T10:23:31 IST" name="setup" finished-at="2026-06-10T10:23:37 IST" duration-ms="5514" status="PASS">
          <reporter-output>
          </reporter-output>
        </test-method> <!-- setup -->
        <test-method signature="verifyConfirmationAlert()[pri:2, instance:testcases.AlertTest@bccb269]" started-at="2026-06-10T10:23:37 IST" name="verifyConfirmationAlert" finished-at="2026-06-10T10:23:37 IST" duration-ms="146" status="PASS">
          <reporter-output>
          </reporter-output>
        </test-method> <!-- verifyConfirmationAlert -->
        <test-method is-config="true" signature="tearDown()[pri:0, instance:testcases.AlertTest@bccb269]" started-at="2026-06-10T10:23:37 IST" name="tearDown" finished-at="2026-06-10T10:23:37 IST" duration-ms="269" status="PASS">
          <reporter-output>
          </reporter-output>
        </test-method> <!-- tearDown -->
        <test-method is-config="true" signature="setup()[pri:0, instance:testcases.AlertTest@bccb269]" started-at="2026-06-10T10:23:37 IST" name="setup" finished-at="2026-06-10T10:23:40 IST" duration-ms="2365" status="PASS">
          <reporter-output>
          </reporter-output>
        </test-method> <!-- setup -->
        <test-method signature="verifyPromptAlert()[pri:3, instance:testcases.AlertTest@bccb269]" started-at="2026-06-10T10:23:40 IST" name="verifyPromptAlert" finished-at="2026-06-10T10:23:43 IST" duration-ms="2975" status="PASS">
          <reporter-output>
          </reporter-output>
        </test-method> <!-- verifyPromptAlert -->
        <test-method is-config="true" signature="tearDown()[pri:0, instance:testcases.AlertTest@bccb269]" started-at="2026-06-10T10:23:43 IST" name="tearDown" finished-at="2026-06-10T10:23:43 IST" duration-ms="295" status="PASS">
          <reporter-output>
          </reporter-output>
        </test-method> <!-- tearDown -->
      </class> <!-- testcases.AlertTest -->
    </test> <!-- Alert Tests -->
    <test started-at="2026-06-10T10:23:43 IST" name="Mouse Action Tests" finished-at="2026-06-10T10:24:01 IST" duration-ms="18219">
      <class name="testcases.MouseActionTest">
        <test-method is-config="true" signature="setup()[pri:0, instance:testcases.MouseActionTest@3c3d9b6b]" started-at="2026-06-10T10:23:43 IST" name="setup" finished-at="2026-06-10T10:23:49 IST" duration-ms="5537" status="PASS">
          <reporter-output>
          </reporter-output>
        </test-method> <!-- setup -->
        <test-method signature="verifyMouseHover()[pri:1, instance:testcases.MouseActionTest@3c3d9b6b]" started-at="2026-06-10T10:23:49 IST" name="verifyMouseHover" finished-at="2026-06-10T10:23:49 IST" duration-ms="192" status="PASS">
          <reporter-output>
          </reporter-output>
        </test-method> <!-- verifyMouseHover -->
        <test-method is-config="true" signature="tearDown()[pri:0, instance:testcases.MouseActionTest@3c3d9b6b]" started-at="2026-06-10T10:23:49 IST" name="tearDown" finished-at="2026-06-10T10:23:49 IST" duration-ms="258" status="PASS">
          <reporter-output>
          </reporter-output>
        </test-method> <!-- tearDown -->
        <test-method is-config="true" signature="setup()[pri:0, instance:testcases.MouseActionTest@3c3d9b6b]" started-at="2026-06-10T10:23:49 IST" name="setup" finished-at="2026-06-10T10:23:55 IST" duration-ms="5502" status="PASS">
          <reporter-output>
          </reporter-output>
        </test-method> <!-- setup -->
        <test-method signature="verifyDoubleClick()[pri:2, instance:testcases.MouseActionTest@3c3d9b6b]" started-at="2026-06-10T10:23:55 IST" name="verifyDoubleClick" finished-at="2026-06-10T10:23:55 IST" duration-ms="202" status="PASS">
          <reporter-output>
          </reporter-output>
        </test-method> <!-- verifyDoubleClick -->
        <test-method is-config="true" signature="tearDown()[pri:0, instance:testcases.MouseActionTest@3c3d9b6b]" started-at="2026-06-10T10:23:55 IST" name="tearDown" finished-at="2026-06-10T10:23:55 IST" duration-ms="248" status="PASS">
          <reporter-output>
          </reporter-output>
        </test-method> <!-- tearDown -->
        <test-method is-config="true" signature="setup()[pri:0, instance:testcases.MouseActionTest@3c3d9b6b]" started-at="2026-06-10T10:23:55 IST" name="setup" finished-at="2026-06-10T10:24:01 IST" duration-ms="5679" status="PASS">
          <reporter-output>
          </reporter-output>
        </test-method> <!-- setup -->
        <test-method signature="verifyDragAndDrop()[pri:3, instance:testcases.MouseActionTest@3c3d9b6b]" started-at="2026-06-10T10:24:01 IST" name="verifyDragAndDrop" finished-at="2026-06-10T10:24:01 IST" duration-ms="347" status="PASS">
          <reporter-output>
          </reporter-output>
        </test-method> <!-- verifyDragAndDrop -->
        <test-method is-config="true" signature="tearDown()[pri:0, instance:testcases.MouseActionTest@3c3d9b6b]" started-at="2026-06-10T10:24:01 IST" name="tearDown" finished-at="2026-06-10T10:24:01 IST" duration-ms="237" status="PASS">
          <reporter-output>
          </reporter-output>
        </test-method> <!-- tearDown -->
      </class> <!-- testcases.MouseActionTest -->
    </test> <!-- Mouse Action Tests -->
    <test started-at="2026-06-10T10:24:01 IST" name="Slider Tests" finished-at="2026-06-10T10:24:33 IST" duration-ms="31413">
      <class name="testcases.SliderTest">
        <test-method is-config="true" signature="setup()[pri:0, instance:testcases.SliderTest@71e9ddb4]" started-at="2026-06-10T10:24:01 IST" name="setup" finished-at="2026-06-10T10:24:06 IST" duration-ms="5124" status="PASS">
          <reporter-output>
          </reporter-output>
        </test-method> <!-- setup -->
        <test-method signature="verifySliderMovement()[pri:1, instance:testcases.SliderTest@71e9ddb4]" started-at="2026-06-10T10:24:06 IST" name="verifySliderMovement" finished-at="2026-06-10T10:24:16 IST" duration-ms="10043" status="PASS">
          <reporter-output>
          </reporter-output>
        </test-method> <!-- verifySliderMovement -->
        <test-method is-config="true" signature="tearDown()[pri:0, instance:testcases.SliderTest@71e9ddb4]" started-at="2026-06-10T10:24:16 IST" name="tearDown" finished-at="2026-06-10T10:24:17 IST" duration-ms="278" status="PASS">
          <reporter-output>
          </reporter-output>
        </test-method> <!-- tearDown -->
        <test-method is-config="true" signature="setup()[pri:0, instance:testcases.SliderTest@71e9ddb4]" started-at="2026-06-10T10:24:17 IST" name="setup" finished-at="2026-06-10T10:24:22 IST" duration-ms="5632" status="PASS">
          <reporter-output>
          </reporter-output>
        </test-method> <!-- setup -->
        <test-method signature="verifyNativeSliderMovement()[pri:2, instance:testcases.SliderTest@71e9ddb4]" started-at="2026-06-10T10:24:22 IST" name="verifyNativeSliderMovement" finished-at="2026-06-10T10:24:32 IST" duration-ms="10066" status="PASS">
          <reporter-output>
          </reporter-output>
        </test-method> <!-- verifyNativeSliderMovement -->
        <test-method is-config="true" signature="tearDown()[pri:0, instance:testcases.SliderTest@71e9ddb4]" started-at="2026-06-10T10:24:32 IST" name="tearDown" finished-at="2026-06-10T10:24:33 IST" duration-ms="264" status="PASS">
          <reporter-output>
          </reporter-output>
        </test-method> <!-- tearDown -->
      </class> <!-- testcases.SliderTest -->
    </test> <!-- Slider Tests -->
    <test started-at="2026-06-10T10:24:33 IST" name="Upload Tests" finished-at="2026-06-10T10:24:45 IST" duration-ms="12384">
      <class name="testcases.UploadPageTest">
        <test-method is-config="true" signature="setup()[pri:0, instance:testcases.UploadPageTest@707194ba]" started-at="2026-06-10T10:24:33 IST" name="setup" finished-at="2026-06-10T10:24:38 IST" duration-ms="4768" status="PASS">
          <reporter-output>
          </reporter-output>
        </test-method> <!-- setup -->
        <test-method signature="verifySingleFileUpload()[pri:1, instance:testcases.UploadPageTest@707194ba]" started-at="2026-06-10T10:24:38 IST" name="verifySingleFileUpload" finished-at="2026-06-10T10:24:38 IST" duration-ms="159" status="PASS">
          <reporter-output>
          </reporter-output>
        </test-method> <!-- verifySingleFileUpload -->
        <test-method is-config="true" signature="tearDown()[pri:0, instance:testcases.UploadPageTest@707194ba]" started-at="2026-06-10T10:24:38 IST" name="tearDown" finished-at="2026-06-10T10:24:38 IST" duration-ms="231" status="PASS">
          <reporter-output>
          </reporter-output>
        </test-method> <!-- tearDown -->
        <test-method is-config="true" signature="setup()[pri:0, instance:testcases.UploadPageTest@707194ba]" started-at="2026-06-10T10:24:38 IST" name="setup" finished-at="2026-06-10T10:24:45 IST" duration-ms="6720" status="PASS">
          <reporter-output>
          </reporter-output>
        </test-method> <!-- setup -->
        <test-method signature="verifyMultipleFileUpload()[pri:2, instance:testcases.UploadPageTest@707194ba]" started-at="2026-06-10T10:24:45 IST" name="verifyMultipleFileUpload" finished-at="2026-06-10T10:24:45 IST" duration-ms="172" status="PASS">
          <reporter-output>
          </reporter-output>
        </test-method> <!-- verifyMultipleFileUpload -->
        <test-method is-config="true" signature="tearDown()[pri:0, instance:testcases.UploadPageTest@707194ba]" started-at="2026-06-10T10:24:45 IST" name="tearDown" finished-at="2026-06-10T10:24:45 IST" duration-ms="327" status="PASS">
          <reporter-output>
          </reporter-output>
        </test-method> <!-- tearDown -->
      </class> <!-- testcases.UploadPageTest -->
    </test> <!-- Upload Tests -->
  </suite> <!-- GUI Automation Suite -->
</testng-results>
