<?xml version="1.0" encoding="UTF-8"?>
<!-- Generated by org.testng.reporters.JUnitXMLReporter -->
<testsuite ignored="0" hostname="LAPTOP-E9BB98QD" failures="0" tests="3" name="Alert Tests" time="18.058" errors="0" timestamp="2026-06-10T10:23:43 IST">
  <testcase classname="testcases.AlertTest" name="verifySimpleAlert" time="0.193"/>
  <testcase classname="testcases.AlertTest" name="verifyConfirmationAlert" time="0.146"/>
  <testcase classname="testcases.AlertTest" name="verifyPromptAlert" time="2.975"/>
</testsuite> <!-- Alert Tests -->
