<?xml version="1.0" encoding="UTF-8"?>
<!-- Generated by org.testng.reporters.JUnitXMLReporter -->
<testsuite ignored="0" hostname="LAPTOP-E9BB98QD" failures="0" tests="9" name="Form Tests" time="72.119" errors="0" timestamp="2026-06-10T10:23:25 IST">
  <testcase classname="testcases.FormTest" name="verifyTextFields" time="0.433"/>
  <testcase classname="testcases.FormTest" name="verifyGenderSelection" time="0.125"/>
  <testcase classname="testcases.FormTest" name="verifyDaysSelection" time="0.627"/>
  <testcase classname="testcases.FormTest" name="verifyCountryDropdown" time="0.151"/>
  <testcase classname="testcases.FormTest" name="verifyColorsDropdown" time="0.165"/>
  <testcase classname="testcases.FormTest" name="verifySortedListDropdown" time="0.104"/>
  <testcase classname="testcases.FormTest" name="verifyDatePicker1" time="0.1"/>
  <testcase classname="testcases.FormTest" name="verifyDatePicker2" time="0.112"/>
  <testcase classname="testcases.FormTest" name="verifyCompleteForm" time="2.528"/>
</testsuite> <!-- Form Tests -->
