<?xml version="1.0" encoding="UTF-8"?>
<!-- Generated by org.testng.reporters.JUnitXMLReporter -->
<testsuite ignored="0" hostname="LAPTOP-E9BB98QD" failures="0" tests="3" name="Mouse Action Tests" time="18.219" errors="0" timestamp="2026-06-10T10:24:01 IST">
  <testcase classname="testcases.MouseActionTest" name="verifyMouseHover" time="0.192"/>
  <testcase classname="testcases.MouseActionTest" name="verifyDoubleClick" time="0.202"/>
  <testcase classname="testcases.MouseActionTest" name="verifyDragAndDrop" time="0.347"/>
</testsuite> <!-- Mouse Action Tests -->
