<?xml version="1.0" encoding="UTF-8"?>
<!-- Generated by org.testng.reporters.JUnitReportReporter -->
<testsuite hostname="LAPTOP-E9BB98QD" failures="0" tests="3" name="testcases.MouseActionTest" time="18.202" errors="0" timestamp="2026-06-10T10:24:45 IST" skipped="0">
  <testcase classname="testcases.MouseActionTest" name="verifyMouseHover" time="6.108"/>
  <testcase classname="testcases.MouseActionTest" name="verifyDoubleClick" time="5.962"/>
  <testcase classname="testcases.MouseActionTest" name="verifyDragAndDrop" time="6.132"/>
</testsuite> <!-- testcases.MouseActionTest -->
