<?xml version="1.0" encoding="UTF-8"?>
<!-- Generated by org.testng.reporters.JUnitReportReporter -->
<testsuite hostname="LAPTOP-E9BB98QD" failures="0" tests="2" name="testcases.UploadPageTest" time="12.377" errors="0" timestamp="2026-06-10T10:24:45 IST" skipped="0">
  <testcase classname="testcases.UploadPageTest" name="verifySingleFileUpload" time="7.110"/>
  <testcase classname="testcases.UploadPageTest" name="verifyMultipleFileUpload" time="5.267"/>
</testsuite> <!-- testcases.UploadPageTest -->
