<?xml version="1.0" encoding="UTF-8"?>
<!-- Generated by org.testng.reporters.JUnitReportReporter -->
<testsuite hostname="LAPTOP-E9BB98QD" failures="0" tests="3" name="testcases.AlertTest" time="18.043" errors="0" timestamp="2026-06-10T10:24:45 IST" skipped="0">
  <testcase classname="testcases.AlertTest" name="verifySimpleAlert" time="6.474"/>
  <testcase classname="testcases.AlertTest" name="verifyConfirmationAlert" time="5.934"/>
  <testcase classname="testcases.AlertTest" name="verifyPromptAlert" time="5.635"/>
</testsuite> <!-- testcases.AlertTest -->
