<?xml version="1.0" encoding="UTF-8"?>
<!-- Generated by org.testng.reporters.JUnitReportReporter -->
<testsuite hostname="LAPTOP-E9BB98QD" failures="0" tests="9" name="testcases.FormTest" time="71.568" errors="0" timestamp="2026-06-10T10:24:45 IST" skipped="0">
  <testcase classname="testcases.FormTest" name="verifyTextFields" time="7.403"/>
  <testcase classname="testcases.FormTest" name="verifyGenderSelection" time="5.060"/>
  <testcase classname="testcases.FormTest" name="verifyDaysSelection" time="6.113"/>
  <testcase classname="testcases.FormTest" name="verifyCountryDropdown" time="17.839"/>
  <testcase classname="testcases.FormTest" name="verifyColorsDropdown" time="6.389"/>
  <testcase classname="testcases.FormTest" name="verifySortedListDropdown" time="6.351"/>
  <testcase classname="testcases.FormTest" name="verifyDatePicker1" time="5.251"/>
  <testcase classname="testcases.FormTest" name="verifyDatePicker2" time="8.656"/>
  <testcase classname="testcases.FormTest" name="verifyCompleteForm" time="8.506"/>
</testsuite> <!-- testcases.FormTest -->
